<?xml version="1.0" encoding="UTF-8"?>
<!-- Generated by org.testng.reporters.JUnitXMLReporter -->
<testsuite hostname="bhawna3151164" ignored="0" name="AddCustomer" tests="4" failures="0" timestamp="2020-05-03T23:21:56 GMT+05:30" time="14.272" errors="0">
  <testcase name="addCustomerTest" time="3.596" classname="testcases.AddCustomerTest"/>
  <testcase name="addCustomerTest" time="3.437" classname="testcases.AddCustomerTest"/>
  <testcase name="addCustomerTest" time="3.462" classname="testcases.AddCustomerTest"/>
  <testcase name="addCustomerTest" time="3.5" classname="testcases.AddCustomerTest"/>
</testsuite> <!-- AddCustomer -->
