<?xml version="1.0" encoding="UTF-8"?>
<testng-results skipped="0" failed="0" ignored="0" total="6" passed="6">
  <reporter-output>
    <line>
      <![CDATA[Login successfully executed]]>
    </line>
  </reporter-output>
  <suite name="Data Driven Basics" duration-ms="18659" started-at="2020-05-03T23:21:38 GMT+05:30" finished-at="2020-05-03T23:21:57 GMT+05:30">
    <groups>
    </groups>
    <test name="LoginTest" duration-ms="3469" started-at="2020-05-03T23:21:38 GMT+05:30" finished-at="2020-05-03T23:21:42 GMT+05:30">
      <class name="testcases.LoginTest">
        <test-method status="PASS" signature="loginAsManager()[pri:0, instance:testcases.LoginTest@55634720]" name="loginAsManager" duration-ms="3213" started-at="2020-05-03T23:21:38 GMT+05:30" finished-at="2020-05-03T23:21:42 GMT+05:30">
          <reporter-output>
            <line>
              <![CDATA[Login successfully executed]]>
            </line>
          </reporter-output>
        </test-method> <!-- loginAsManager -->
      </class> <!-- testcases.LoginTest -->
    </test> <!-- LoginTest -->
    <test name="AddCustomer" duration-ms="14272" started-at="2020-05-03T23:21:42 GMT+05:30" finished-at="2020-05-03T23:21:56 GMT+05:30">
      <class name="testcases.AddCustomerTest">
        <test-method status="PASS" signature="addCustomerTest(java.lang.String, java.lang.String, java.lang.String)[pri:0, instance:testcases.AddCustomerTest@5d534f5d]" name="addCustomerTest" duration-ms="3596" started-at="2020-05-03T23:21:42 GMT+05:30" data-provider="dp" finished-at="2020-05-03T23:21:46 GMT+05:30">
          <params>
            <param index="0">
              <value>
                <![CDATA[Bhawna]]>
              </value>
            </param>
            <param index="1">
              <value>
                <![CDATA[Saini]]>
              </value>
            </param>
            <param index="2">
              <value>
                <![CDATA[A7A8A9]]>
              </value>
            </param>
          </params>
          <reporter-output>
          </reporter-output>
        </test-method> <!-- addCustomerTest -->
        <test-method status="PASS" signature="addCustomerTest(java.lang.String, java.lang.String, java.lang.String)[pri:0, instance:testcases.AddCustomerTest@5d534f5d]" name="addCustomerTest" duration-ms="3437" started-at="2020-05-03T23:21:46 GMT+05:30" data-provider="dp" finished-at="2020-05-03T23:21:49 GMT+05:30">
          <params>
            <param index="0">
              <value>
                <![CDATA[Rohit ]]>
              </value>
            </param>
            <param index="1">
              <value>
                <![CDATA[Sharma]]>
              </value>
            </param>
            <param index="2">
              <value>
                <![CDATA[123456.0]]>
              </value>
            </param>
          </params>
          <reporter-output>
          </reporter-output>
        </test-method> <!-- addCustomerTest -->
        <test-method status="PASS" signature="addCustomerTest(java.lang.String, java.lang.String, java.lang.String)[pri:0, instance:testcases.AddCustomerTest@5d534f5d]" name="addCustomerTest" duration-ms="3462" started-at="2020-05-03T23:21:49 GMT+05:30" data-provider="dp" finished-at="2020-05-03T23:21:53 GMT+05:30">
          <params>
            <param index="0">
              <value>
                <![CDATA[Mrinal ]]>
              </value>
            </param>
            <param index="1">
              <value>
                <![CDATA[Saini]]>
              </value>
            </param>
            <param index="2">
              <value>
                <![CDATA[234567.0]]>
              </value>
            </param>
          </params>
          <reporter-output>
          </reporter-output>
        </test-method> <!-- addCustomerTest -->
        <test-method status="PASS" signature="addCustomerTest(java.lang.String, java.lang.String, java.lang.String)[pri:0, instance:testcases.AddCustomerTest@5d534f5d]" name="addCustomerTest" duration-ms="3500" started-at="2020-05-03T23:21:53 GMT+05:30" data-provider="dp" finished-at="2020-05-03T23:21:56 GMT+05:30">
          <params>
            <param index="0">
              <value>
                <![CDATA[Abc]]>
              </value>
            </param>
            <param index="1">
              <value>
                <![CDATA[xyz]]>
              </value>
            </param>
            <param index="2">
              <value>
                <![CDATA[3456789.0]]>
              </value>
            </param>
          </params>
          <reporter-output>
          </reporter-output>
        </test-method> <!-- addCustomerTest -->
      </class> <!-- testcases.AddCustomerTest -->
    </test> <!-- AddCustomer -->
    <test name="OpenAccount" duration-ms="879" started-at="2020-05-03T23:21:56 GMT+05:30" finished-at="2020-05-03T23:21:57 GMT+05:30">
      <class name="testcases.OpenAccountTest">
        <test-method status="PASS" signature="setUp()[pri:0, instance:testcases.OpenAccountTest@2e6a8155]" name="setUp" is-config="true" duration-ms="8508" started-at="2020-05-03T23:21:30 GMT+05:30" finished-at="2020-05-03T23:21:38 GMT+05:30">
          <reporter-output>
          </reporter-output>
        </test-method> <!-- setUp -->
        <test-method status="PASS" signature="openAccountTest(java.lang.String, java.lang.String)[pri:0, instance:testcases.OpenAccountTest@2e6a8155]" name="openAccountTest" duration-ms="843" started-at="2020-05-03T23:21:56 GMT+05:30" data-provider="dp" finished-at="2020-05-03T23:21:57 GMT+05:30">
          <params>
            <param index="0">
              <value>
                <![CDATA[Bhawna Saini]]>
              </value>
            </param>
            <param index="1">
              <value>
                <![CDATA[Rupee]]>
              </value>
            </param>
          </params>
          <reporter-output>
          </reporter-output>
        </test-method> <!-- openAccountTest -->
        <test-method status="PASS" signature="tearDown()[pri:0, instance:testcases.OpenAccountTest@2e6a8155]" name="tearDown" is-config="true" duration-ms="637" started-at="2020-05-03T23:21:57 GMT+05:30" finished-at="2020-05-03T23:21:58 GMT+05:30">
          <reporter-output>
          </reporter-output>
        </test-method> <!-- tearDown -->
      </class> <!-- testcases.OpenAccountTest -->
    </test> <!-- OpenAccount -->
  </suite> <!-- Data Driven Basics -->
</testng-results>
